<?xml version="1.0" encoding="UTF-8"?>
<testng-results total="1" passed="1" failed="0" skipped="0">
  <reporter-output>
  </reporter-output>
  <suite started-at="2018-10-11T03:40:05Z" name="Default suite" finished-at="2018-10-11T03:40:08Z" duration-ms="3077">
    <groups>
    </groups>
    <test started-at="2018-10-11T03:40:05Z" name="Default test" finished-at="2018-10-11T03:40:08Z" duration-ms="3077">
      <class name="com.qa.tests.DeleteAPITest">
        <test-method is-config="true" signature="setUp()[pri:0, instance:com.qa.tests.DeleteAPITest@2a5c8d3f]" started-at="2018-10-10T20:40:05Z" name="setUp" finished-at="2018-10-10T20:40:05Z" duration-ms="82" status="PASS">
          <reporter-output>
          </reporter-output>
        </test-method> <!-- setUp -->
        <test-method signature="deleteAPITest()[pri:0, instance:com.qa.tests.DeleteAPITest@2a5c8d3f]" started-at="2018-10-10T20:40:05Z" name="deleteAPITest" finished-at="2018-10-10T20:40:08Z" duration-ms="2911" status="PASS">
          <reporter-output>
          </reporter-output>
        </test-method> <!-- deleteAPITest -->
      </class> <!-- com.qa.tests.DeleteAPITest -->
    </test> <!-- Default test -->
  </suite> <!-- Default suite -->
</testng-results>
